# JRE version: Java(TM) SE Runtime Environment (8.0_31-b13) (build 1.8.0_31-b13)
# Java VM: Java HotSpot(TM) 64-Bit Server VM (25.31-b07 mixed mode bsd-amd64 compressed oops)
Heap:
 par new generation   total 4992K, used 0K [0x00000007a8000000, 0x00000007a8560000, 0x00000007b0000000)
  eden space 4480K,   0% used [0x00000007a8000000, 0x00000007a8000000, 0x00000007a8460000)
  from space 512K,   0% used [0x00000007a8460000, 0x00000007a8460000, 0x00000007a84e0000)
  to   space 512K,   0% used [0x00000007a84e0000, 0x00000007a84e0000, 0x00000007a8560000)
 concurrent mark-sweep generation total 10944K, used 543K [0x00000007b0000000, 0x00000007b0ab0000, 0x00000007c0000000)
 Metaspace       used 3252K, capacity 4728K, committed 4864K, reserved 1056768K
  class space    used 335K, capacity 424K, committed 512K, reserved 1048576K
GC Heap History (10 events):
Event: 540580.446 GC heap before
{Heap before GC invocations=489 (full 9):
 par new generation   total 4992K, used 0K [0x00000007a8000000, 0x00000007a8560000, 0x00000007b0000000)
  eden space 4480K,   0% used [0x00000007a8000000, 0x00000007a8000000, 0x00000007a8460000)
  from space 512K,   0% used [0x00000007a8460000, 0x00000007a8460000, 0x00000007a84e0000)
  to   space 512K,   0% used [0x00000007a84e0000, 0x00000007a84e0000, 0x00000007a8560000)
 concurrent mark-sweep generation total 10944K, used 543K [0x00000007b0000000, 0x00000007b0ab0000, 0x00000007c0000000)
 Metaspace       used 3252K, capacity 4728K, committed 4864K, reserved 1056768K
  class space    used 335K, capacity 424K, committed 512K, reserved 1048576K
Event: 540580.448 GC heap after
Heap after GC invocations=490 (full 10):
 par new generation   total 4992K, used 0K [0x00000007a8000000, 0x00000007a8560000, 0x00000007b0000000)
  eden space 4480K,   0% used [0x00000007a8000000, 0x00000007a8000000, 0x00000007a8460000)
  from space 512K,   0% used [0x00000007a8460000, 0x00000007a8460000, 0x00000007a84e0000)
  to   space 512K,   0% used [0x00000007a84e0000, 0x00000007a84e0000, 0x00000007a8560000)
 concurrent mark-sweep generation total 10944K, used 543K [0x00000007b0000000, 0x00000007b0ab0000, 0x00000007c0000000)
 Metaspace       used 3252K, capacity 4728K, committed 4864K, reserved 1056768K
  class space    used 335K, capacity 424K, committed 512K, reserved 1048576K
}
Event: 541406.823 GC heap before
{Heap before GC invocations=490 (full 10):
 par new generation   total 4992K, used 0K [0x00000007a8000000, 0x00000007a8560000, 0x00000007b0000000)
  eden space 4480K,   0% used [0x00000007a8000000, 0x00000007a8000000, 0x00000007a8460000)
  from space 512K,   0% used [0x00000007a8460000, 0x00000007a8460000, 0x00000007a84e0000)
  to   space 512K,   0% used [0x00000007a84e0000, 0x00000007a84e0000, 0x00000007a8560000)
 concurrent mark-sweep generation total 10944K, used 543K [0x00000007b0000000, 0x00000007b0ab0000, 0x00000007c0000000)
 Metaspace       used 3252K, capacity 4728K, committed 4864K, reserved 1056768K
  class space    used 335K, capacity 424K, committed 512K, reserved 1048576K
Event: 541406.844 GC heap after
Heap after GC invocations=491 (full 11):
 par new generation   total 4992K, used 0K [0x00000007a8000000, 0x00000007a8560000, 0x00000007b0000000)
  eden space 4480K,   0% used [0x00000007a8000000, 0x00000007a8000000, 0x00000007a8460000)
  from space 512K,   0% used [0x00000007a8460000, 0x00000007a8460000, 0x00000007a84e0000)
  to   space 512K,   0% used [0x00000007a84e0000, 0x00000007a84e0000, 0x00000007a8560000)
 concurrent mark-sweep generation total 10944K, used 543K [0x00000007b0000000, 0x00000007b0ab0000, 0x00000007c0000000)
 Metaspace       used 3252K, capacity 4728K, committed 4864K, reserved 1056768K
  class space    used 335K, capacity 424K, committed 512K, reserved 1048576K
}
Event: 541406.845 GC heap before
{Heap before GC invocations=491 (full 11):
 par new generation   total 4992K, used 0K [0x00000007a8000000, 0x00000007a8560000, 0x00000007b0000000)
  eden space 4480K,   0% used [0x00000007a8000000, 0x00000007a8000000, 0x00000007a8460000)
  from space 512K,   0% used [0x00000007a8460000, 0x00000007a8460000, 0x00000007a84e0000)
  to   space 512K,   0% used [0x00000007a84e0000, 0x00000007a84e0000, 0x00000007a8560000)
 concurrent mark-sweep generation total 10944K, used 543K [0x00000007b0000000, 0x00000007b0ab0000, 0x00000007c0000000)
 Metaspace       used 3252K, capacity 4728K, committed 4864K, reserved 1056768K
  class space    used 335K, capacity 424K, committed 512K, reserved 1048576K
Event: 541406.847 GC heap after
Heap after GC invocations=492 (full 12):
 par new generation   total 4992K, used 0K [0x00000007a8000000, 0x00000007a8560000, 0x00000007b0000000)
  eden space 4480K,   0% used [0x00000007a8000000, 0x00000007a8000000, 0x00000007a8460000)
  from space 512K,   0% used [0x00000007a8460000, 0x00000007a8460000, 0x00000007a84e0000)
  to   space 512K,   0% used [0x00000007a84e0000, 0x00000007a84e0000, 0x00000007a8560000)
 concurrent mark-sweep generation total 10944K, used 543K [0x00000007b0000000, 0x00000007b0ab0000, 0x00000007c0000000)
 Metaspace       used 3252K, capacity 4728K, committed 4864K, reserved 1056768K
  class space    used 335K, capacity 424K, committed 512K, reserved 1048576K
}
Event: 541693.266 GC heap before
{Heap before GC invocations=492 (full 12):
 par new generation   total 4992K, used 0K [0x00000007a8000000, 0x00000007a8560000, 0x00000007b0000000)
  eden space 4480K,   0% used [0x00000007a8000000, 0x00000007a8000000, 0x00000007a8460000)
  from space 512K,   0% used [0x00000007a8460000, 0x00000007a8460000, 0x00000007a84e0000)
  to   space 512K,   0% used [0x00000007a84e0000, 0x00000007a84e0000, 0x00000007a8560000)
 concurrent mark-sweep generation total 10944K, used 543K [0x00000007b0000000, 0x00000007b0ab0000, 0x00000007c0000000)
 Metaspace       used 3252K, capacity 4728K, committed 4864K, reserved 1056768K
  class space    used 335K, capacity 424K, committed 512K, reserved 1048576K
Event: 541693.301 GC heap after
Heap after GC invocations=493 (full 13):
 par new generation   total 4992K, used 0K [0x00000007a8000000, 0x00000007a8560000, 0x00000007b0000000)
  eden space 4480K,   0% used [0x00000007a8000000, 0x00000007a8000000, 0x00000007a8460000)
  from space 512K,   0% used [0x00000007a8460000, 0x00000007a8460000, 0x00000007a84e0000)
  to   space 512K,   0% used [0x00000007a84e0000, 0x00000007a84e0000, 0x00000007a8560000)
 concurrent mark-sweep generation total 10944K, used 543K [0x00000007b0000000, 0x00000007b0ab0000, 0x00000007c0000000)
 Metaspace       used 3252K, capacity 4728K, committed 4864K, reserved 1056768K
  class space    used 335K, capacity 424K, committed 512K, reserved 1048576K
}
Event: 541693.301 GC heap before
{Heap before GC invocations=493 (full 13):
 par new generation   total 4992K, used 0K [0x00000007a8000000, 0x00000007a8560000, 0x00000007b0000000)
  eden space 4480K,   0% used [0x00000007a8000000, 0x00000007a8000000, 0x00000007a8460000)
  from space 512K,   0% used [0x00000007a8460000, 0x00000007a8460000, 0x00000007a84e0000)
  to   space 512K,   0% used [0x00000007a84e0000, 0x00000007a84e0000, 0x00000007a8560000)
 concurrent mark-sweep generation total 10944K, used 543K [0x00000007b0000000, 0x00000007b0ab0000, 0x00000007c0000000)
 Metaspace       used 3252K, capacity 4728K, committed 4864K, reserved 1056768K
  class space    used 335K, capacity 424K, committed 512K, reserved 1048576K
Event: 541693.303 GC heap after
Heap after GC invocations=494 (full 14):
 par new generation   total 4992K, used 0K [0x00000007a8000000, 0x00000007a8560000, 0x00000007b0000000)
  eden space 4480K,   0% used [0x00000007a8000000, 0x00000007a8000000, 0x00000007a8460000)
  from space 512K,   0% used [0x00000007a8460000, 0x00000007a8460000, 0x00000007a84e0000)
  to   space 512K,   0% used [0x00000007a84e0000, 0x00000007a84e0000, 0x00000007a8560000)
 concurrent mark-sweep generation total 10944K, used 543K [0x00000007b0000000, 0x00000007b0ab0000, 0x00000007c0000000)
 Metaspace       used 3252K, capacity 4728K, committed 4864K, reserved 1056768K
  class space    used 335K, capacity 424K, committed 512K, reserved 1048576K
}

